<?xml version="1.0" encoding="UTF-8"?>
<Site BuildName="Linux-g++"
	BuildStamp="20220411-0719-Experimental"
	Name="Lilienthal"
	Generator="ctest-3.16.3"
	CompilerName="/usr/bin/g++"
	CompilerVersion="9.4.0"
	OSName="Linux"
	Hostname="Lilienthal"
	OSRelease="5.10.16.3-microsoft-standard-WSL2"
	OSVersion="#1 SMP Fri Apr 2 22:23:49 UTC 2021"
	OSPlatform="x86_64"
	Is64Bits="1"
	VendorString="GenuineIntel"
	VendorID="Intel Corporation"
	FamilyID="6"
	ModelID="165"
	ProcessorCacheSize="12288"
	NumberOfLogicalCPU="12"
	NumberOfPhysicalCPU="6"
	TotalVirtualMemory="2048"
	TotalPhysicalMemory="7855"
	LogicalProcessorsPerPhysical="2"
	ProcessorClockFrequency="2591.74"
	>
	<Testing>
		<StartDateTime>Apr 11 14:19 WIB</StartDateTime>
		<StartTestTime>1649661579</StartTestTime>
		<TestList/>
		<EndDateTime>Apr 11 14:19 WIB</EndDateTime>
		<EndTestTime>1649661579</EndTestTime>
		<ElapsedMinutes>0</ElapsedMinutes>
	</Testing>
</Site>
